This is pdfTeX, Version 3.1415926-1.40.10 (TeX Live 2009/Debian) (format=pdflatex 2010.11.11)  13 NOV 2010 22:56
entering extended mode
 restricted \write18 enabled.
 %&-line parsing enabled.
**bob.tex
(./bob.tex
LaTeX2e <2009/09/24>
Babel <v3.8l> and hyphenation patterns for english, usenglishmax, dumylang, noh
yphenation, loaded.
(/usr/share/texmf-texlive/tex/latex/base/article.cls
Document Class: article 2007/10/19 v1.4h Standard LaTeX document class
(/usr/share/texmf-texlive/tex/latex/base/size10.clo
File: size10.clo 2007/10/19 v1.4h Standard LaTeX file (size option)
)
\c@part=\count79
\c@section=\count80
\c@subsection=\count81
\c@subsubsection=\count82
\c@paragraph=\count83
\c@subparagraph=\count84
\c@figure=\count85
\c@table=\count86
\abovecaptionskip=\skip41
\belowcaptionskip=\skip42
\bibindent=\dimen102
)
(/usr/share/texmf-texlive/tex/latex/psnfss/times.sty
Package: times 2005/04/12 PSNFSS-v9.2a (SPQR) 
)
(/usr/share/texmf-texlive/tex/latex/geometry/geometry.sty
Package: geometry 2008/12/21 v4.2 Page Geometry

(/usr/share/texmf-texlive/tex/latex/graphics/keyval.sty
Package: keyval 1999/03/16 v1.13 key=value parser (DPC)
\KV@toks@=\toks14
)
(/usr/share/texmf-texlive/tex/generic/oberdiek/ifpdf.sty
Package: ifpdf 2009/04/10 v2.0 Provides the ifpdf switch (HO)
Package ifpdf Info: pdfTeX in pdf mode detected.
)
(/usr/share/texmf-texlive/tex/generic/oberdiek/ifvtex.sty
Package: ifvtex 2008/11/04 v1.4 Switches for detecting VTeX and its modes (HO)
Package ifvtex Info: VTeX not detected.
)
\Gm@cnth=\count87
\Gm@cntv=\count88
\c@Gm@tempcnt=\count89
\Gm@bindingoffset=\dimen103
\Gm@wd@mp=\dimen104
\Gm@odd@mp=\dimen105
\Gm@even@mp=\dimen106
\Gm@dimlist=\toks15
)
(/usr/share/texmf-texlive/tex/latex/graphics/graphicx.sty
Package: graphicx 1999/02/16 v1.0f Enhanced LaTeX Graphics (DPC,SPQR)

(/usr/share/texmf-texlive/tex/latex/graphics/graphics.sty
Package: graphics 2009/02/05 v1.0o Standard LaTeX Graphics (DPC,SPQR)

(/usr/share/texmf-texlive/tex/latex/graphics/trig.sty
Package: trig 1999/03/16 v1.09 sin cos tan (DPC)
)
(/etc/texmf/tex/latex/config/graphics.cfg
File: graphics.cfg 2009/08/28 v1.8 graphics configuration of TeX Live
)
Package graphics Info: Driver file: pdftex.def on input line 91.

(/usr/share/texmf-texlive/tex/latex/pdftex-def/pdftex.def
File: pdftex.def 2010/03/12 v0.04p Graphics/color for pdfTeX
\Gread@gobject=\count90
))
\Gin@req@height=\dimen107
\Gin@req@width=\dimen108
)
(/usr/share/texmf-texlive/tex/latex/listings/listings.sty
\lst@mode=\count91
\lst@gtempboxa=\box26
\lst@token=\toks16
\lst@length=\count92
\lst@currlwidth=\dimen109
\lst@column=\count93
\lst@pos=\count94
\lst@lostspace=\dimen110
\lst@width=\dimen111
\lst@newlines=\count95
\lst@lineno=\count96
\lst@maxwidth=\dimen112

(/usr/share/texmf-texlive/tex/latex/listings/lstmisc.sty
File: lstmisc.sty 2007/02/22 1.4 (Carsten Heinz)
\c@lstnumber=\count97
\lst@skipnumbers=\count98
\lst@framebox=\box27
)
(/usr/share/texmf-texlive/tex/latex/listings/listings.cfg
File: listings.cfg 2007/02/22 1.4 listings configuration
))
Package: listings 2007/02/22 1.4 (Carsten Heinz)

(/usr/share/texmf-texlive/tex/latex/listings/lstlang1.sty
File: lstlang1.sty 2004/09/05 1.3 listings language file
)
(/usr/share/texmf-texlive/tex/latex/listings/lstmisc.sty
File: lstmisc.sty 2007/02/22 1.4 (Carsten Heinz)
)
(/usr/share/texmf-texlive/tex/latex/upquote/upquote.sty
Package: upquote 2003/08/11 v1.1 Covington's upright-quote modification to verb
atim and verb

(/usr/share/texmf-texlive/tex/latex/base/textcomp.sty
Package: textcomp 2005/09/27 v1.99g Standard LaTeX package
Package textcomp Info: Sub-encoding information:
(textcomp)               5 = only ISO-Adobe without \textcurrency
(textcomp)               4 = 5 + \texteuro
(textcomp)               3 = 4 + \textohm
(textcomp)               2 = 3 + \textestimated + \textcurrency
(textcomp)               1 = TS1 - \textcircled - \t
(textcomp)               0 = TS1 (full)
(textcomp)             Font families with sub-encoding setting implement
(textcomp)             only a restricted character set as indicated.
(textcomp)             Family '?' is the default used for unknown fonts.
(textcomp)             See the documentation for details.
Package textcomp Info: Setting ? sub-encoding to TS1/1 on input line 71.

(/usr/share/texmf-texlive/tex/latex/base/ts1enc.def
File: ts1enc.def 2001/06/05 v3.0e (jk/car/fm) Standard LaTeX file
)
LaTeX Info: Redefining \oldstylenums on input line 266.
Package textcomp Info: Setting cmr sub-encoding to TS1/0 on input line 281.
Package textcomp Info: Setting cmss sub-encoding to TS1/0 on input line 282.
Package textcomp Info: Setting cmtt sub-encoding to TS1/0 on input line 283.
Package textcomp Info: Setting cmvtt sub-encoding to TS1/0 on input line 284.
Package textcomp Info: Setting cmbr sub-encoding to TS1/0 on input line 285.
Package textcomp Info: Setting cmtl sub-encoding to TS1/0 on input line 286.
Package textcomp Info: Setting ccr sub-encoding to TS1/0 on input line 287.
Package textcomp Info: Setting ptm sub-encoding to TS1/4 on input line 288.
Package textcomp Info: Setting pcr sub-encoding to TS1/4 on input line 289.
Package textcomp Info: Setting phv sub-encoding to TS1/4 on input line 290.
Package textcomp Info: Setting ppl sub-encoding to TS1/3 on input line 291.
Package textcomp Info: Setting pag sub-encoding to TS1/4 on input line 292.
Package textcomp Info: Setting pbk sub-encoding to TS1/4 on input line 293.
Package textcomp Info: Setting pnc sub-encoding to TS1/4 on input line 294.
Package textcomp Info: Setting pzc sub-encoding to TS1/4 on input line 295.
Package textcomp Info: Setting bch sub-encoding to TS1/4 on input line 296.
Package textcomp Info: Setting put sub-encoding to TS1/5 on input line 297.
Package textcomp Info: Setting uag sub-encoding to TS1/5 on input line 298.
Package textcomp Info: Setting ugq sub-encoding to TS1/5 on input line 299.
Package textcomp Info: Setting ul8 sub-encoding to TS1/4 on input line 300.
Package textcomp Info: Setting ul9 sub-encoding to TS1/4 on input line 301.
Package textcomp Info: Setting augie sub-encoding to TS1/5 on input line 302.
Package textcomp Info: Setting dayrom sub-encoding to TS1/3 on input line 303.
Package textcomp Info: Setting dayroms sub-encoding to TS1/3 on input line 304.

Package textcomp Info: Setting pxr sub-encoding to TS1/0 on input line 305.
Package textcomp Info: Setting pxss sub-encoding to TS1/0 on input line 306.
Package textcomp Info: Setting pxtt sub-encoding to TS1/0 on input line 307.
Package textcomp Info: Setting txr sub-encoding to TS1/0 on input line 308.
Package textcomp Info: Setting txss sub-encoding to TS1/0 on input line 309.
Package textcomp Info: Setting txtt sub-encoding to TS1/0 on input line 310.
Package textcomp Info: Setting futs sub-encoding to TS1/4 on input line 311.
Package textcomp Info: Setting futx sub-encoding to TS1/4 on input line 312.
Package textcomp Info: Setting futj sub-encoding to TS1/4 on input line 313.
Package textcomp Info: Setting hlh sub-encoding to TS1/3 on input line 314.
Package textcomp Info: Setting hls sub-encoding to TS1/3 on input line 315.
Package textcomp Info: Setting hlst sub-encoding to TS1/3 on input line 316.
Package textcomp Info: Setting hlct sub-encoding to TS1/5 on input line 317.
Package textcomp Info: Setting hlx sub-encoding to TS1/5 on input line 318.
Package textcomp Info: Setting hlce sub-encoding to TS1/5 on input line 319.
Package textcomp Info: Setting hlcn sub-encoding to TS1/5 on input line 320.
Package textcomp Info: Setting hlcw sub-encoding to TS1/5 on input line 321.
Package textcomp Info: Setting hlcf sub-encoding to TS1/5 on input line 322.
Package textcomp Info: Setting pplx sub-encoding to TS1/3 on input line 323.
Package textcomp Info: Setting pplj sub-encoding to TS1/3 on input line 324.
Package textcomp Info: Setting ptmx sub-encoding to TS1/4 on input line 325.
Package textcomp Info: Setting ptmj sub-encoding to TS1/4 on input line 326.
))
(/usr/share/texmf-texlive/tex/latex/graphics/color.sty
Package: color 2005/11/14 v1.0j Standard LaTeX Color (DPC)

(/etc/texmf/tex/latex/config/color.cfg
File: color.cfg 2007/01/18 v1.5 color configuration of teTeX/TeXLive
)
Package color Info: Driver file: pdftex.def on input line 130.
)
(/usr/share/texmf/tex/latex/xcolor/xcolor.sty
Package: xcolor 2007/01/21 v2.11 LaTeX color extensions (UK)

(/etc/texmf/tex/latex/config/color.cfg
File: color.cfg 2007/01/18 v1.5 color configuration of teTeX/TeXLive
)
Package xcolor Info: Driver file: pdftex.def on input line 225.
LaTeX Info: Redefining \color on input line 702.
Package xcolor Info: Model `cmy' substituted by `cmy0' on input line 1337.
Package xcolor Info: Model `hsb' substituted by `rgb' on input line 1341.
Package xcolor Info: Model `RGB' extended on input line 1353.
Package xcolor Info: Model `HTML' substituted by `rgb' on input line 1355.
Package xcolor Info: Model `Hsb' substituted by `hsb' on input line 1356.
Package xcolor Info: Model `tHsb' substituted by `hsb' on input line 1357.
Package xcolor Info: Model `HSB' substituted by `hsb' on input line 1358.
Package xcolor Info: Model `Gray' substituted by `gray' on input line 1359.
Package xcolor Info: Model `wave' substituted by `hsb' on input line 1360.
)
(/usr/share/texmf-texlive/tex/latex/caption/caption.sty
Package: caption 2009/10/09 v3.1k Customizing captions (AR)

(/usr/share/texmf-texlive/tex/latex/caption/caption3.sty
Package: caption3 2009/10/09 v3.1k caption3 kernel (AR)
\captionmargin=\dimen113
\captionmargin@=\dimen114
\captionwidth=\dimen115
\caption@indent=\dimen116
\caption@parindent=\dimen117
\caption@hangindent=\dimen118
)
\c@ContinuedFloat=\count99
Package caption Info: listings package is loaded.
)
(/usr/share/texmf-texlive/tex/latex/base/fixltx2e.sty
Package: fixltx2e 2006/09/13 v1.1m fixes to LaTeX
LaTeX Info: Redefining \em on input line 420.
) (./bob.aux)
\openout1 = `bob.aux'.

LaTeX Font Info:    Checking defaults for OML/cmm/m/it on input line 22.
LaTeX Font Info:    ... okay on input line 22.
LaTeX Font Info:    Checking defaults for T1/cmr/m/n on input line 22.
LaTeX Font Info:    ... okay on input line 22.
LaTeX Font Info:    Checking defaults for OT1/cmr/m/n on input line 22.
LaTeX Font Info:    ... okay on input line 22.
LaTeX Font Info:    Checking defaults for OMS/cmsy/m/n on input line 22.
LaTeX Font Info:    ... okay on input line 22.
LaTeX Font Info:    Checking defaults for OMX/cmex/m/n on input line 22.
LaTeX Font Info:    ... okay on input line 22.
LaTeX Font Info:    Checking defaults for U/cmr/m/n on input line 22.
LaTeX Font Info:    ... okay on input line 22.
LaTeX Font Info:    Checking defaults for TS1/cmr/m/n on input line 22.
LaTeX Font Info:    Try loading font information for TS1+cmr on input line 22.

(/usr/share/texmf-texlive/tex/latex/base/ts1cmr.fd
File: ts1cmr.fd 1999/05/25 v2.5h Standard LaTeX font definitions
)
LaTeX Font Info:    ... okay on input line 22.
LaTeX Font Info:    Try loading font information for OT1+ptm on input line 22.

(/usr/share/texmf-texlive/tex/latex/psnfss/ot1ptm.fd
File: ot1ptm.fd 2001/06/04 font definitions for OT1/ptm.
)
*geometry auto-detecting driver*
*geometry detected driver: pdftex*
-------------------- Geometry parameters
paper: class default
landscape: --
twocolumn: --
twoside: --
asymmetric: --
h-parts: 72.26999pt, 469.75502pt, 72.26999pt
v-parts: 72.26999pt, 650.43001pt, 72.26999pt
hmarginratio: --
vmarginratio: --
lines: --
heightrounded: --
bindingoffset: 0.0pt
truedimen: --
includehead: --
includefoot: --
includemp: --
driver: pdftex
-------------------- Page layout dimensions and switches
\paperwidth  614.295pt
\paperheight 794.96999pt
\textwidth  469.75502pt
\textheight 650.43001pt
\oddsidemargin  0.0pt
\evensidemargin 0.0pt
\topmargin  -37.0pt
\headheight 12.0pt
\headsep    25.0pt
\footskip   30.0pt
\marginparwidth 65.0pt
\marginparsep   11.0pt
\columnsep  10.0pt
\skip\footins  9.0pt plus 4.0pt minus 2.0pt
\hoffset 0.0pt
\voffset 0.0pt
\mag 1000

(1in=72.27pt, 1cm=28.45pt)
-----------------------
(/usr/share/texmf-texlive/tex/context/base/supp-pdf.mkii
[Loading MPS to PDF converter (version 2006.09.02).]
\scratchcounter=\count100
\scratchdimen=\dimen119
\scratchbox=\box28
\nofMPsegments=\count101
\nofMParguments=\count102
\everyMPshowfont=\toks17
\MPscratchCnt=\count103
\MPscratchDim=\dimen120
\MPnumerator=\count104
\everyMPtoPDFconversion=\toks18
)
\c@lstlisting=\count105
Package caption Info: Begin \AtBeginDocument code.
Package caption Info: End \AtBeginDocument code.
 <boblogo.png, id=1, 218.8175pt x 214.8025pt>
File: boblogo.png Graphic file (type png)
 <use boblogo.png>
LaTeX Font Info:    Try loading font information for OT1+pcr on input line 34.

(/usr/share/texmf-texlive/tex/latex/psnfss/ot1pcr.fd
File: ot1pcr.fd 2001/06/04 font definitions for OT1/pcr.
)
<logo-med.png, id=3, 230.8625pt x 200.75pt>
File: logo-med.png Graphic file (type png)
 <use logo-med.png> [1

{/var/lib/texmf/fonts/map/pdftex/updmap/pdftex.map} <./boblogo.png> <./logo-med
.png>]
LaTeX Font Info:    External font `cmex10' loaded for size
(Font)              <12> on input line 41.
LaTeX Font Info:    External font `cmex10' loaded for size
(Font)              <8> on input line 41.
LaTeX Font Info:    External font `cmex10' loaded for size
(Font)              <6> on input line 41.
LaTeX Font Info:    Font shape `OT1/ptm/bx/n' in size <9> not available
(Font)              Font shape `OT1/ptm/b/n' tried instead on input line 42.

Underfull \hbox (badness 10000) in paragraph at lines 42--45

 []

[2]
LaTeX Font Info:    Font shape `OT1/ptm/bx/n' in size <14.4> not available
(Font)              Font shape `OT1/ptm/b/n' tried instead on input line 47.
 (./bob.toc
! Missing control sequence inserted.
<inserted text> 
                \inaccessible 
l.3 ...atform\let \reserved@d =[\def {\@@par }}{6}
                                                  
? 
LaTeX Font Info:    External font `cmex10' loaded for size
(Font)              <9> on input line 4.
LaTeX Font Info:    External font `cmex10' loaded for size
(Font)              <5> on input line 4.
)
\tf@toc=\write3
\openout3 = `bob.toc'.

 (./bob.lof)
\tf@lof=\write4
\openout4 = `bob.lof'.

 (./bob.lol [3])
\tf@lol=\write5
\openout5 = `bob.lol'.

 [4]

! LaTeX Error: There's no line here to end.

See the LaTeX manual or LaTeX Companion for explanation.
Type  H <return>  for immediate help.
 ...                                              
                                                  
l.55 M
      arch 10th/11th/12th, 2010 - Joshua Ashby\\
? 

Underfull \hbox (badness 10000) in paragraph at lines 55--65

 []

[5]
Underfull \hbox (badness 10000) in paragraph at lines 69--72

 []

LaTeX Font Info:    External font `cmex10' loaded for size
(Font)              <14.4> on input line 73.
LaTeX Font Info:    External font `cmex10' loaded for size
(Font)              <7> on input line 73.
! Argument of \@sect has an extra }.
<inserted text> 
                \par 
l.73 }
      
? 
Runaway argument?
{\normalfont \Large \bfseries }{\@xfootnote }\def \reserved@b {\stepcounter \ET
C.
! Paragraph ended before \@sect was complete.
<to be read again> 
                   \par 
l.73 }
      
? 
LaTeX Font Info:    Font shape `OT1/ptm/bx/n' in size <12> not available
(Font)              Font shape `OT1/ptm/b/n' tried instead on input line 74.

Underfull \hbox (badness 10000) in paragraph at lines 75--77

 []

<steering.png, id=25, 501.875pt x 376.40625pt>
File: steering.png Graphic file (type png)
 <use steering.png>
Overfull \hbox (6.0pt too wide) in paragraph at lines 83--83
[][][][][][][] 
 []

<steeringmotor.png, id=26, 501.875pt x 376.40625pt>
File: steeringmotor.png Graphic file (type png)
 <use steeringmotor.png>
Overfull \hbox (6.0pt too wide) in paragraph at lines 93--93
[][][][][][][] 
 []


Underfull \hbox (badness 10000) in paragraph at lines 78--97

 []

<reardrive.png, id=27, 501.875pt x 376.40625pt>
File: reardrive.png Graphic file (type png)
 <use reardrive.png>
Overfull \hbox (6.0pt too wide) in paragraph at lines 104--104
[][][][][][][] 
 []


Underfull \hbox (badness 10000) in paragraph at lines 98--108

 []

[6] [7 <./steering.png (PNG copy)> <./steeringmotor.png (PNG copy)>]
Underfull \hbox (badness 10000) in paragraph at lines 115--116

 []

LaTeX Font Info:    Font shape `OT1/ptm/bx/n' in size <10> not available
(Font)              Font shape `OT1/ptm/b/n' tried instead on input line 116.

Underfull \hbox (badness 10000) in paragraph at lines 117--118

 []

[8 <./reardrive.png>]
Underfull \hbox (badness 10000) in paragraph at lines 119--120

 []


Underfull \hbox (badness 10000) in paragraph at lines 121--126

 []

Missing character: There is no ‚ in font ptmr7t!
Missing character: There is no Ä in font ptmr7t!
Missing character: There is no ú in font ptmr7t!
Missing character: There is no ‚ in font ptmr7t!
Missing character: There is no Ä in font ptmr7t!
Missing character: There is no ù in font ptmr7t!

Underfull \hbox (badness 10000) in paragraph at lines 127--128

 []


Underfull \hbox (badness 10000) in paragraph at lines 129--130

 []

[9]
Underfull \hbox (badness 10000) in paragraph at lines 131--147

 []


Underfull \hbox (badness 10000) in paragraph at lines 131--147

 []


Underfull \hbox (badness 10000) in paragraph at lines 131--147

 []


Underfull \hbox (badness 10000) in paragraph at lines 131--147

 []


Underfull \hbox (badness 10000) in paragraph at lines 131--147

 []


Underfull \hbox (badness 10000) in paragraph at lines 148--151

 []


Underfull \hbox (badness 10000) in paragraph at lines 153--154

 []

[10]
Underfull \hbox (badness 10000) in paragraph at lines 155--156

 []


Underfull \hbox (badness 10000) in paragraph at lines 157--158

 []


Underfull \hbox (badness 10000) in paragraph at lines 159--160

 []


Underfull \hbox (badness 10000) in paragraph at lines 161--162

 []


Overfull \hbox (6.0pt too wide) in paragraph at lines 163--163
[][][][][][][] 
 []


Overfull \hbox (50.00006pt too wide) in paragraph at lines 163--163
[] []
 []


Underfull \hbox (badness 10000) in paragraph at lines 163--163

 []

LaTeX Font Info:    Try loading font information for TS1+ptm on input line 166.

(/usr/share/texmf-texlive/tex/latex/psnfss/ts1ptm.fd
File: ts1ptm.fd 2001/06/04 font definitions for TS1/ptm.
)

LaTeX Warning: Reference `analog' on page 11 undefined on input line 170.


Underfull \hbox (badness 10000) in paragraph at lines 170--171

 []


Overfull \hbox (6.0pt too wide) in paragraph at lines 178--178
[][][][][][][] 
 []


Overfull \hbox (50.00006pt too wide) in paragraph at lines 178--178
[] []
 []


Underfull \hbox (badness 10000) in paragraph at lines 178--178

 []

[11]
Overfull \hbox (6.0pt too wide) in paragraph at lines 200--200
[][][][][][][] 
 []


Overfull \hbox (50.00006pt too wide) in paragraph at lines 200--200
[] []
 []


Underfull \hbox (badness 10000) in paragraph at lines 200--200

 []


LaTeX Warning: Reference `robot' on page 12 undefined on input line 208.


Underfull \hbox (badness 10000) in paragraph at lines 208--209

 []

[12]
Overfull \hbox (6.0pt too wide) in paragraph at lines 226--226
[][][][][][][] 
 []


Overfull \hbox (50.00006pt too wide) in paragraph at lines 226--226
[] []
 []


Underfull \hbox (badness 10000) in paragraph at lines 226--226

 []


Underfull \hbox (badness 10000) in paragraph at lines 234--235

 []


Overfull \hbox (6.0pt too wide) in paragraph at lines 244--244
[][][][][][][] 
 []


Overfull \hbox (50.00006pt too wide) in paragraph at lines 244--244
[] []
 []


Underfull \hbox (badness 10000) in paragraph at lines 244--244

 []

[13] <josh.jpg, id=56, 1951.29pt x 2601.72pt>
File: josh.jpg Graphic file (type jpg)
 <use josh.jpg>
Overfull \hbox (6.0pt too wide) in paragraph at lines 256--256
[][][][][][][] 
 []


! LaTeX Error: There's no line here to end.

See the LaTeX manual or LaTeX Companion for explanation.
Type  H <return>  for immediate help.
 ...                                              
                                                  
l.259 \subsection
                 {Maurice Ashby}
? 
<maurice.jpg, id=57, 3083.52pt x 2055.68pt>
File: maurice.jpg Graphic file (type jpg)
 <use maurice.jpg>
Overfull \hbox (6.0pt too wide) in paragraph at lines 264--264
[][][][][][][] 
 []


! LaTeX Error: There's no line here to end.

See the LaTeX manual or LaTeX Companion for explanation.
Type  H <return>  for immediate help.
 ...                                              
                                                  
l.267 \\
        
? 

! LaTeX Error: There's no line here to end.

See the LaTeX manual or LaTeX Companion for explanation.
Type  H <return>  for immediate help.
 ...                                              
                                                  
l.268 
      
? 
[14 <./josh.jpg> <./maurice.jpg>]
Underfull \hbox (badness 10000) in paragraph at lines 271--274

 []


Overfull \hbox (6.0pt too wide) in paragraph at lines 275--275
[][][][][][][] 
 []


Overfull \hbox (50.00006pt too wide) in paragraph at lines 275--275
[] []
 []


Underfull \hbox (badness 10000) in paragraph at lines 275--275

 []

(../adc.c
LaTeX Font Info:    Try loading font information for OMS+ptm on input line 18.
 (/usr/share/texmf-texlive/tex/latex/psnfss/omsptm.fd
File: omsptm.fd 
)
LaTeX Font Info:    Font shape `OMS/ptm/m/n' in size <9> not available
(Font)              Font shape `OMS/cmsy/m/n' tried instead on input line 18.
LaTeX Font Info:    Try loading font information for OML+ptm on input line 22.

(/usr/share/texmf-texlive/tex/latex/psnfss/omlptm.fd
File: omlptm.fd 
)
LaTeX Font Info:    Font shape `OML/ptm/m/n' in size <9> not available
(Font)              Font shape `OML/cmm/m/it' tried instead on input line 22.
 [15])
Overfull \hbox (6.0pt too wide) in paragraph at lines 276--276
[][][][][][][] 
 []


Overfull \hbox (50.00006pt too wide) in paragraph at lines 276--276
[] []
 []


Underfull \hbox (badness 10000) in paragraph at lines 276--276

 []

(../pwm.c [16] [17] [18] [19] [20] [21] [22] [23])
Overfull \hbox (6.0pt too wide) in paragraph at lines 277--277
[][][][][][][] 
 []


Overfull \hbox (50.00006pt too wide) in paragraph at lines 277--277
[] []
 []


Underfull \hbox (badness 10000) in paragraph at lines 277--277

 []

(../digital.c [24])
Overfull \hbox (6.0pt too wide) in paragraph at lines 278--278
[][][][][][][] 
 []


Overfull \hbox (50.00006pt too wide) in paragraph at lines 278--278
[] []
 []


Underfull \hbox (badness 10000) in paragraph at lines 278--278

 []

[25] (../boot.c) [26]
Overfull \hbox (6.0pt too wide) in paragraph at lines 279--279
[][][][][][][] 
 []


Overfull \hbox (50.00006pt too wide) in paragraph at lines 279--279
[] []
 []


Underfull \hbox (badness 10000) in paragraph at lines 279--279

 []

(../robotfunc.c [27] [28])
Overfull \hbox (6.0pt too wide) in paragraph at lines 280--280
[][][][][][][] 
 []


Overfull \hbox (50.00006pt too wide) in paragraph at lines 280--280
[] []
 []


Underfull \hbox (badness 10000) in paragraph at lines 280--280

 []

(../global.h)
Overfull \hbox (6.0pt too wide) in paragraph at lines 281--281
[][][][][][][] 
 []


Overfull \hbox (50.00006pt too wide) in paragraph at lines 281--281
[] []
 []


Underfull \hbox (badness 10000) in paragraph at lines 281--281

 []

(../version.h [29]) [30] (./bob.aux)

LaTeX Warning: There were undefined references.


LaTeX Warning: Label(s) may have changed. Rerun to get cross-references right.

 ) 
Here is how much of TeX's memory you used:
 5084 strings out of 495061
 73476 string characters out of 1182620
 279715 words of memory out of 3000000
 8170 multiletter control sequences out of 15000+50000
 28598 words of font info for 60 fonts, out of 3000000 for 9000
 28 hyphenation exceptions out of 8191
 36i,10n,49p,938b,1495s stack positions out of 5000i,500n,10000p,200000b,50000s
{/usr/share/texmf-texlive/fonts/enc/dvips/base/8r.enc}</usr/share/texmf-texli
ve/fonts/type1/public/amsfonts/cm/cmmi9.pfb></usr/share/texmf-texlive/fonts/typ
e1/public/amsfonts/cm/cmsy9.pfb></usr/share/texmf-texlive/fonts/type1/urw/couri
er/ucrr8a.pfb></usr/share/texmf-texlive/fonts/type1/urw/times/utmb8a.pfb></usr/
share/texmf-texlive/fonts/type1/urw/times/utmr8a.pfb></usr/share/texmf-texlive/
fonts/type1/urw/times/utmri8a.pfb>
Output written on bob.pdf (30 pages, 5532140 bytes).
PDF statistics:
 134 PDF objects out of 1000 (max. 8388607)
 0 named destinations out of 1000 (max. 500000)
 36 words of extra memory for PDF output out of 10000 (max. 10000000)

